15:25:33 **** Incremental Build of configuration Debug for project Text_Game_Engine ****
make all 
Building file: ../Game.cpp
Invoking: Cross G++ Compiler
g++ -std=c++0x -O0 -g3 -Wall -c -fmessage-length=0 -MMD -MP -MF"Game.d" -MT"Game.d" -o "Game.o" "../Game.cpp"
../Game.cpp: In constructor ‘Game::Game(Reader*, Controller*)’:
../Game.cpp:13:17: warning: converting to non-pointer type ‘int’ from NULL [-Wconversion-null]
  _currentChoice = NULL;
                 ^
Finished building: ../Game.cpp
 
Building file: ../main.cpp
Invoking: Cross G++ Compiler
g++ -std=c++0x -O0 -g3 -Wall -c -fmessage-length=0 -MMD -MP -MF"main.d" -MT"main.d" -o "main.o" "../main.cpp"
Finished building: ../main.cpp
 
Building target: Text_Game_Engine
Invoking: Cross G++ Linker
g++  -o "Text_Game_Engine"  ./Controller.o ./Game.o ./Reader.o ./RobotController.o ./UserController.o ./main.o   
Finished building target: Text_Game_Engine
 
15:25:37 **** Incremental Build of configuration Debug for project Text_Game_Engine ****
make all 
make: Nothing to be done for 'all'.
